 [INFO] Starting SNP Server
 [INFO] Starting SNP Server
 [INFO] Stopping SNP Server
 [INFO] Starting SNP Server
 [INFO] Stopping SNP Server
 [INFO] Starting SNP Server
 [INFO] Stopping SNP Server
 [INFO] Starting SNP Server
 [INFO] Serving SNP clients on 0.0.0.0:42340
 [INFO] Connection initiaed.
 [INFO] Created user with signature hash: -757754670
 [INFO] Lost connection
 [INFO] Stopping SNP Server
 [INFO] Starting SNP Server
 [INFO] Serving SNP clients on 0.0.0.0:42340
 [INFO] Connection initiaed.
 [INFO] Created user with signature hash: raÖÿØC†$J_½Â¡È«è³“1ÀÿwÇµþ‘ï‹C
 [INFO] Lost connection
 [INFO] Starting SNP Server
 [INFO] Serving SNP clients on 0.0.0.0:42340
 [WARN] Initializing with Buffer
 [INFO] Connection initiaed.
 [INFO] Created user with signature hash: ¦#<Òž\Á@
®´+–«¶sÞyÆIE®^…§Ú‰œ®Pò­
[DEBUG] Got Data: 
[DEBUG] Got Data: 
 [INFO] Lost connection
 [INFO] Starting SNP Server
 [INFO] Serving SNP clients on 0.0.0.0:42340
 [WARN] Initializing with Buffer
 [INFO] Connection initiaed.
 [INFO] Starting SNP Server
 [INFO] Serving SNP clients on 0.0.0.0:42340
 [WARN] Initializing with Buffer
 [INFO] Connection initiaed.
 [INFO] Created user with signature hash: 737bdb5c
[DEBUG] Got Data: 
[DEBUG] Got Data: 
 [INFO] Lost connection
 [INFO] Starting SNP Server
 [INFO] Serving SNP clients on 0.0.0.0:42340
 [WARN] Initializing with Buffer
 [INFO] Connection initiaed.
 [INFO] Created user with signature hash 6f9c48d3
[DEBUG] Got Data: 
[DEBUG] Before Before: "\r\n"
[DEBUG] Buffer: []
[DEBUG] Buffer: nil
 [INFO] Lost connection
 [INFO] Starting SNP Server
 [INFO] Serving SNP clients on 0.0.0.0:42340
 [WARN] Initializing with Buffer
 [INFO] Connection initiaed.
 [INFO] Created user with signature hash -4914f3ba
[DEBUG] Got Data: 
[DEBUG] Before Before: "\r\n"
[DEBUG] Buffer: []
[DEBUG] Buffer: nil
[DEBUG] Parts:  []
[DEBUG] Got Data: 
 [INFO] Lost connection
 [INFO] Starting SNP Server
 [INFO] Serving SNP clients on 0.0.0.0:42340
 [WARN] Initializing with Buffer
 [INFO] Connection initiaed.
 [INFO] Created user with signature hash 402f15d6
[DEBUG] Got Data: 
[DEBUG] Before Before: "\r\n"
[DEBUG] Buffer: []
[DEBUG] Buffer: ""
[DEBUG] Parts:  []
[DEBUG] Got Data: 
[DEBUG] Before Before: "\r\n"
[DEBUG] Buffer: []
[DEBUG] Buffer: ""
[DEBUG] Parts:  []
[DEBUG] Got Data: 
[DEBUG] Before Before: "\r\n"
[DEBUG] Buffer: []
[DEBUG] Buffer: ""
[DEBUG] Parts:  []
[DEBUG] Got Data: 
[DEBUG] Before Before: "\r\n"
[DEBUG] Buffer: []
[DEBUG] Buffer: ""
[DEBUG] Parts:  []
[DEBUG] Got Data: 
[DEBUG] Before Before: "\r\n"
[DEBUG] Buffer: []
[DEBUG] Buffer: ""
[DEBUG] Parts:  []
[DEBUG] Got Data: a
[DEBUG] Before Before: "a\r\n"
[DEBUG] Buffer: ["a"]
[DEBUG] Buffer: "a"
[DEBUG] Parts:  []
[DEBUG] Got Data: b
[DEBUG] Before Before: "ab\r\n"
[DEBUG] Buffer: ["ab"]
[DEBUG] Buffer: "ab"
[DEBUG] Parts:  []
[DEBUG] Got Data: a
[DEBUG] Before Before: "aba\r\n"
[DEBUG] Buffer: ["aba"]
[DEBUG] Buffer: "aba"
[DEBUG] Parts:  []
[DEBUG] Got Data: b
[DEBUG] Before Before: "abab\r\n"
[DEBUG] Buffer: ["abab"]
[DEBUG] Buffer: "abab"
[DEBUG] Parts:  []
[DEBUG] Got Data: c
[DEBUG] Before Before: "ababc\r\n"
[DEBUG] Buffer: ["ababc"]
[DEBUG] Buffer: "ababc"
[DEBUG] Parts:  []
[DEBUG] Got Data: d
[DEBUG] Before Before: "ababcd\r\n"
[DEBUG] Buffer: ["ababcd"]
[DEBUG] Buffer: "ababcd"
[DEBUG] Parts:  []
[DEBUG] Got Data: e
[DEBUG] Before Before: "ababcde\r\n"
[DEBUG] Buffer: ["ababcde"]
[DEBUG] Buffer: "ababcde"
[DEBUG] Parts:  []
 [INFO] Stopping SNP Server
 [INFO] Lost connection
 [INFO] Starting SNP Server
 [INFO] Serving SNP clients on 0.0.0.0:42340
 [WARN] Initializing with Buffer
 [INFO] Connection initiaed.
 [INFO] Created user with signature hash -5aaee8be
[DEBUG] Got Data: "a\r\n"
[DEBUG] Before Processing: "a\r\n"
[DEBUG] Parts: ["a"]
[DEBUG] Buffer: "a"
[DEBUG] Parts:  []
[DEBUG] Got Data: "b\r\n"
[DEBUG] Before Processing: "ab\r\n"
[DEBUG] Parts: ["ab"]
[DEBUG] Buffer: "ab"
[DEBUG] Parts:  []
[DEBUG] Got Data: "c\r\n"
[DEBUG] Before Processing: "abc\r\n"
[DEBUG] Parts: ["abc"]
[DEBUG] Buffer: "abc"
[DEBUG] Parts:  []
[DEBUG] Got Data: "d\r\n"
[DEBUG] Before Processing: "abcd\r\n"
[DEBUG] Parts: ["abcd"]
[DEBUG] Buffer: "abcd"
[DEBUG] Parts:  []
[DEBUG] Got Data: "\377\364\377\375\006"
[DEBUG] Got Data: "\r\n"
[DEBUG] Before Processing: "abcd\377\364\377\375\006\r\n"
[DEBUG] Parts: ["abcd\377\364\377\375\006"]
[DEBUG] Buffer: "abcd\377\364\377\375\006"
[DEBUG] Parts:  []
[DEBUG] Got Data: "\004\004\004\004\004\004\004\004\004\004\004\004\004\004\004\004\004\004\004\004\004\004\004\004\004\004\004\004\004\004\004\004\004\004\004\004\004\004\004\004\004\004\004\004\004\004\004\004\004\004\004\004\004\004\004\004\004\004\004\004\004"
[DEBUG] Got Data: "\004\004\004\004\004\004\004\004\004\004\004\004\004\004\004\004\004\004\004\004\004\004\004\004\004\004\004\004\004\004\004\004\004\004\004\004\004\004\004\004\004\004\004\004\004\004\004\004\004\004\004\004\004\004\004\004\004\004\004\004\004\004\004\004\004\004\004\004\004\004\004\004"
[DEBUG] Got Data: "\004\004\004\004\004\004\004\004\004\004\004\004\004\004\004\004\004\004\004\004\004\004\004\004\004\004\004\004\004\004\004\004\004\004\004\004\004\004\004\004\004\004\004\004\004\004\004\004\004\004\004\004\004\004\004\004\004\004\004\004\004\004\004\004\004\004\004\004\004\004\004\004\004\004\004\004\004\004\004\004\004\004\004\004\004\004\004\004\004\004\004\004\004\004\004\004\004\004\004\004\004\004\004\004\004\004\004\004\004\004\004\004\004\004\004\004\004\004\004\004\004\004\004\004\004\004\004\004\004\004\004\004\004\004\004\004\004\004\004\004\004\004\004\004\004\004\004\004\004\004\004\004\004\004\004\004\004\004\004\004\004\004\004\004\004\004\004\004\004\004\004\004\004\004\004\004\004\004\004\004\004\004\004\004\004\004\004\004\004\004\004\004\004\004\004\004\004\004\004\004\004\004\004\004\004\004\004\004\004\004\004\004\004\004\004\004\004\004\004\004\004\004\004\004\004\004\004\004\004\004\004\004\004\004\004\004\004\004\004\004\004\004\004\004\004\004\004\004\004\004\004\004\004\004\004\004\004\004\004\004\004\004\004\004\004\004\004\004\004\004\004\004\004\004\004\004\004\004\004\004\004\004\004\004\004\004\004\004\004\004\004\004\004\004\004\004\004\004\004\004\004\004\004\004\004\004\004\004\004\004\004\004\004\004\004\004\004\004\004\004\004\004\004\004\004\004\004\004\004\004\004\004\004\004\004\004\004\004\004\004\004\004\004\004\004\004\004\004\004\004\004\004\004\004\004\004\004\004\004\004\004\004\004\004\004\004\004\004\004\004\004\004\004\004\004\004\004\004\004\004\004\004\004\004\004\004\004\004\004\004\004\004\004\004\004\004\004\004\004\004\004\004\004\004\004\004\004\004\004\004\004\004\004\004\004\004\004\004\004\004\004\004\004\004\004\004\004\004\004\004\004\004\004\004\004\004\004\004\004\004\004\004\004\004\004\004\004\004\004\004\004\004\004\004\004\004\004\004\004\004\004\004\004\004\004\004\004\004\004\004\004\004\004\004\004\004\004\004\004\004\004\004\004\004\004\004\004\004\004\004\004\004\004\004\004\004\004\004\004\004\004\004\004\004\004\004\004\004\004\004\004\004\004\004\004\004\004\004\004\004\004\004\004\004\004\004\004\004\004\004\004\004\004\004\004\004\004\004\004\004\004\004\004\004\004\004\004\004\004\004\004\004\004\004\004\004\004\004\004\004\004\004\004\004\004\004\004\004\004\004\004\004\004\004\004\004\004\004\004\004\004\004\004\004\004\004\004\004\004\004\004\004\004\004\004\004\004\004\004\004\004\004\004\004\004\004\004\004\004\004\004\004\004\004\004\004\004\004\004\004\004\004\004\004\004\004\004\004\004\004\004\004\004\004\004\004\004\004\004\004\004\004\004\004\004\004\004\004\004\004\004\004\004\004\004\004\004\004\004\004\004\004\004\004\004\004\004\004\004\004\004"
[DEBUG] Got Data: "\004\004\004\004\004\004\004\004\004\004\004\004\004\004\004\004\004\004\004\004\004\004\004\004\004\004\004\004\004\004\004\004\004\004\004\004\004\004\004\004\004\004\004\004\004\004\004\004\004\004\004\004\004\004\004\004\004\004\004\004\004\004\004\004\004\004\004\004\004\004\004\004\004\004\004\004\004\004\004\004\004\004\004\004\004\004\004\004\004\004\004\004\004\004\004\004\004\004\004\004\004\004\004\004\004\004\004\004\004\004\004\004\004\004\004\004\004\004\004\004\004\004\004\004\004\004\004\004\004\004\004\004\004\004\004\004\004\004\004\004\004\004\004\004\004\004\004\004\004\004\004\004\004\004\004\004\004\004\004\004\004\004\004\004\004\004\004\004\004\004\004\004\004\004\004\004\004\004\004\004\004\004\004\004\004\004\004\004\004\004\004\004\004\004\004\004\004\004\004\004\004\004\004\004\004\004\004\004\004\004\004\004\004\004\004\004\004\004\004\004\004\004\004\004\004\004\004\004\004\004\004\004\004\004\004\004\004\004\004\004\004\004\004\004\004\004\004\004\004\004\004\004\004\004\004\004\004\004\004\004\004\004\004\004\004\004\004\004\004\004\004\004\004\004\004\004\004\004\004\004\004\004\004\004\004\004\004\004\004\004\004\004\004\004\004\004\004\004\004\004\004\004\004\004\004\004\004\004\004\004\004\004\004\004\004\004\004\004\004\004\004\004\004\004\004\004\004\004\004\004\004\004\004\004\004\004\004\004\004\004\004\004\004\004\004\004\004\004\004\004\004\004\004\004\004\004\004\004\004\004\004\004\004\004\004\004\004\004\004\004\004\004\004\004\004\004\004\004\004\004\004\004\004\004\004\004\004\004\004\004\004\004\004\004\004\004\004\004\004\004\004\004\004\004\004\004\004\004\004\004\004\004\004\004\004\004\004\004\004\004\004\004\004\004\004\004\004\004\004\004\004\004\004\004\004\004\004\004\004\004\004\004\004\004\004\004\004\004\004\004\004\004\004\004\004\004\004\004\004\004\004\004\004\004\004\004\004\004\004\004\004\004\004\004\004\004\004\004\004\004\004\004\004\004\004\004\004\004\004\004\004\004\004\004\004\004\004\004\004\004\004\004\004\004\004\004\004\004\004\004\004\004\004\004\004\004\004\004\004\004\004\004\004\004\004\004\004\004\004\004\004\004\004\004\004\004\004\004\004\004\004\004\004\004\004\004\004\004\004\004\004\004\004\004\004\004\004\004\004\004\004\004\004\004\004\004\004\004\004\004\004\004\004\004\004\004\004\004\004\004\004\004\004\004\004\004\004\004\004\004\004\004\004\004\004\004\004\004\004\004\004\004\004\004\004\004\004\004\004\004\004\004\004\004\004\004\004\004\004\004\004\004\004\004\004\004\004\004\004\004\004\004\004\004\004\004\004\004\004\004\004\004\004\004\004\004\004\004\004\004\004\004\004\004\004\004\004\004\004\004\004\004\004\004\004\004\004\004\004\004\004\004\004\004\004\004\004\004\004\004\004\004\004\004\004\004\004\004\004\004\004\004\004\004\004\004\004\004\004\004\004\004\004\004\004\004\004\004\004\004\004\004\004\004\004\004\004\004\004\004\004\004\004\004\004\004\004\004\004\004\004\004\004\004\004\004\004\004\004\004\004\004\004\004\004\004\004\004\004\004\004\004\004\004\004\004\004\004\004\004\004\004\004\004\004\004\004\004\004\004\004\004\004\004\004\004\004\004\004\004\004\004\004\004\004\004\004\004\004\004\004\004\004\004\004\004\004\004\004\004\004\004\004\004\004\004\004\004\004\004\004\004\004\004\004\004\004\004\004\004\004\004\004\004\004\004\004\004\004\004\004\004\004\004\004\004\004\004\004\004\004\004\004\004\004\004\004\004\004\004\004\004\004\004\004\004\004\004\004\004\004\004\004\004\004\004\004\004\004\004\004\004\004\004\004\004\004\004\004\004\004\004\004\004\004\004\004\004\004\004\004\004\004\004\004\004\004\004\004\004\004\004\004\004\004\004\004\004\004\004\004\004\004\004\004\004\004\004\004\004\004\004\004\004\004\004\004\004\004\004\004\004\004\004\004\004\004\004\004\004\004\004\004\004\004\004\004\004\004\004\004\004\004\004\004\004\004\004\004\004\004\004\004\004\004\004\004\004\004\004\004\004\004\004\004\004\004\004\004\004\004\004\004\004\004\004\004\004\004\004\004\004\004\004\004\004\004\004\004\004\004\004\004\004\004\004\004\004\004\004\004\004\004\004\004\004\004\004\004\004\004\004\004\004\004\004\004\004\004\004\004\004\004\004\004\004\004\004\004\004\004\004\004\004\004\004\004\004\004\004\004\004\004\004\004\004\004\004\004\004\004\004\004\004\004\004\004\004\004\004\004\004\004\004\004\004\004\004\004\004\004\004\004\004\004\004\004\004\004\004\004\004\004\004\004\004\004\004\004\004\004\004\004\004\004\004\004\004\004\004\004\004\004\004\004\004\004\004\004\004\004\004\004\004\004\004\004\004\004\004\004\004\004\004\004\004\004\004\004\004\004\004\004\004\004\004\004\004\004\004\004\004\004\004\004\004\004\004\004\004\004\004\004\004\004\004\004\004\004\004\004\004\004\004\004\004\004\004\004\004\004\004\004\004\004\004\004\004\004\004\004\004\004\004\004\004\004\004\004\004\004\004\004\004\004\004\004\004\004\004\004\004\004\004\004\004\004\004\004\004\004\004\004\004\004\004\004\004\004\004\004\004\004\004\004\004\004\004\004\004\004\004\004\004\004\004\004\004\004\004\004\004\004\004\004\004\004\004\004\004\004\004\004\004\004\004\004\004\004\004\004\004\004\004\004\004\004\004\004\004\004\004\004\004\004\004\004\004\004\004\004\004\004\004\004\004\004\004\004\004\004\004\004\004\004\004\004\004\004\004\004\004\004\004\004\004\004\004\004\004\004\004\004\004\004\004\004\004\004\004\004\004\004\004\004\004\004\004\004\004\004\004\004\004\004\004\004\004\004\004\004\004\004\004\004\004\004\004\004\004\004\004\004\004\004\004\004\004\004\004\004\004\004\004\004\004\004\004\004\004\004\004\004\004\004\004\004\004\004\004\004\004\004\004\004\004\004\004\004\004\004\004\004\004\004\004\004\004\004\004\004\004\004\004\004\004\004\004\004\004\004\004\004\004\004\004\004\004\004\004\004\004\004\004\004\004\004\004\004\004\004\004\004\004\004\004\004\004\004\004\004\004\004\004\004\004\004\004\004\004\004\004\004\004\004\004\004\004\004\004\004\004\004\004\004\004\004\004\004\004\004\004\004\004\004\004\004\004\004\004\004\004\004\004\004\004\004\004\004\004\004\004\004\004\004\004\004\004\004\004\004\004\004\004\004\004\004\004\004\004\004\004\004\004\004\004\004\004\004\004\004\004\004\004\004\004\004\004\004\004\004\004\004\004\004\004\004\004\004\004\004\004\004\004\004\004\004\004\004\004\004\004\004\004\004\004\004\004\004\004\004\004\004\004\004\004\004\004\004\004\004\004\004\004\004\004\004\004\004\004\004\004\004\004\004\004\004\004\004\004\004\004\004\004\004\004\004\004\004\004\004\004\004\004\004\004\004\004\004\004\004\004\004\004\004\004\004\004\004\004\004\004\004\004\004\004\004\004\004\004\004\004\004\004\004\004\004\004\004\004\004\004\004\004\004\004\004\004\004\004\004\004\004\004\004\004\004\004\004\004\004\004\004\004\004\004\004\004\004\004\004\004\004\004\004\004\004\004\004\004\004\004\004\004\004\004\004\004\004\004\004\004\004\004\004\004\004\004\004\004\004\004\004\004\004\004\004\004\004\004\004\004\004\004\004\004\004\004\004\004\004\004\004\004\004\004\004\004\004\004\004\004\004\004\004\004\004\004\004\004\004\004\004\004\004\004\004\004\004\004\004\004\004\004\004\004\004\004\004\004\004\004\004\004\004\004\004\004\004\004\004\004\004\004\004\004\004\004\004\004\004\004\004\004\004\004\004\004\004\004\004\004\004\004\004\004\004\004\004\004\004\004\004\004\004\004\004\004\004\004\004\004\004\004\004\004\004\004\004\004\004\004\004\004\004\004\004\004\004\004\004\004\004\004\004\004\004\004\004\004\004\004\004\004\004\004\004\004\004\004\004\004\004\004\004\004\004\004\004\004\004\004\004\004\004\004\004\004\004\004\004\004\004\004\004\004\004\004\004\004\004\004\004\004\004\004\004\004\004\004\004\004\004\004\004\004\004\004\004\004\004\004\004\004\004\004\004\004\004\004\004\004\004\004\004\004\004\004\004\004\004\004\004\004\004\004\004\004\004\004\004\004\004\004\004\004\004\004\004\004\004\004\004\004\004\004\004\004\004\004\004\004\004\004\004\004\004\004\004\004\004\004\004\004\004\004\004\004\004\004\004\004\004\004\004\004\004\004\004\004\004\004\004\004\004\004\004\004\004\004\004\004\004\004\004\004\004\004\004\004\004\004\004\004\004\004\004\004\004\004\004\004\004\004\004\004\004\004\004\004\004\004\004\004\004\004\004\004\004\004\004\004\004\004\004\004\004\004\004\004\004\004\004\004\004\004\004\004\004\004\004\004\004\004\004\004\004\004\004\004\004\004\004\004\004\004\004\004\004\004\004\004\004\004\004\004\004\004\004\004\004\004\004\004\004\004\004\004\004\004\004\004\004\004\004\004\004\004\004\004\004\004\004\004\004\004\004\004\004\004\004\004\004\004\004\004\004\004\004\004\004\004\004\004\004\004\004\004\004\004\004\004\004\004\004\004\004\004\004\004\004\004\004\004\004\004\004\004\004\004\004\004\004\004\004\004\004\004\004\004\004\004\004\004\004\004\004\004\004\004\004\004\004\004\004\004\004\004\004\004\004\004\004\004\004\004\004\004\004\004\004\004\004\004\004\004\004\004\004\004\004\004\004\004\004\004\004\004\004\004\004\004\004\004\004\004\004\004\004\004\004\004\004\004\004\004\004\004\004\004\004\004\004\004\004\004\004\004\004\004\004\004\004\004\004\004\004\004\004\004\004\004\004\004\004\004\004\004\004\004\004\004\004\004\004\004\004\004\004\004\004\004\004\004\004\004\004\004\004\004\004\004\004\004\004\004\004\004\004\004\004\004\004\004\004\004\004\004\004\004\004\004\004\004\004\004\004\004\004\004\004\004\004\004\004\004\004\004\004\004\004\004\004\004\004\004\004\004\004\004\004\004\004\004\004\004\004\004\004\004\004\004\004\004\004\004\004\004\004\004\004\004\004\004\004\004\004\004\004\004\004\004\004\004\004\004\004\004\004\004\004\004\004\004\004\004\004\004\004\004\004\004\004\004\004\004\004\004\004\004\004\004\004\004\004\004\004\004\004\004\004\004\004\004\004\004\004\004\004\004\004\004\004\004\004\004\004\004\004\004\004\004\004\004\004\004\004\004\004\004\004\004\004\004\004\004\004\004\004\004\004\004\004\004\004\004\004\004\004\004\004\004\004\004\004\004\004\004\004\004\004\004\004\004\004\004\004\004\004\004\004\004\004\004\004\004\004\004\004\004\004\004\004\004\004\004\004\004\004\004\004\004\004\004\004\004\004\004\004\004\004\004\004\004\004\004\004\004\004\004\004\004\004\004\004\004\004\004\004\004\004\004\004\004\004\004\004\004\004\004\004\004\004\004\004\004\004\004\004\004\004\004\004\004\004\004\004\004\004\004\004\004\004\004\004\004\004\004\004\004\004\004\004\004\004\004\004\004\004\004\004\004\004\004\004\004\004\004\004\004\004\004\004\004\004\004\004\004\004\004\004\004\004\004\004\004\004\004\004\004\004\004\004\004\004\004\004\004\004\004\004\004\004\004\004\004\004\004\004\004\004\004\004\004\004\004\004\004\004\004\004\004\004\004\004\004\004\004\004\004\004\004\004\004\004\004\004\004\004\004\004\004\004\004\004\004\004\004\004\004\004\004\004\004\004\004\004\004\004\004\004\004\004\004\004\004\004\004\004\004\004\004\004\004\004\004\004\004\004\004\004\004\004\004\004\004\004\004\004\004\004\004\004\004\004\004\004\004\004\004\004\004\004\004\004\004\004\004\004\004\004\004\004\004\004\004\004\004\004\004\004\004\004\004\004\004\004\004\004\004\004\004\004\004\004\004\004\004\004\004\004\004\004\004\004\004\004\004\004\004\004\004\004"
[DEBUG] Got Data: "\004\004\004\004\004\004\004\004\004"
[DEBUG] Got Data: "\004\004\004\004\004\004\004\004\004\004\004\004\004\004\004\004\004\004\004\004\004\004\004\004\004\004\004\004\004\004\004\004\004\004\004\004\004\004\004\004\004\004\004\004\004\004\004\004\004\004\004\004\004\004\004\004\004\004\004\004\004\004\004\004\004\004\004\004\004\004\004\004\004\004\004\004\004\004\004\004\004\004\004\004\004\004\004\004\004\004\004\004\004\004\004\004\004\004\004\004\004\004\004\004\004\004\004\004\004\004\004\004\004\004\004\004\004\004\004\004\004\004\004\004\004\004\004\004\004\004\004\004\004\004\004\004\004\004\004\004\004\004\004\004\004\004\004\004\004\004\004\004\004\004\004\004\004\004\004\004\004\004\004\004\004\004\004\004\004\004\004\004\004\004\004\004\004\004\004\004\004\004\004\004\004\004\004\004\004\004\004\004\004\004\004\004\004\004\004\004\004\004\004\004\004\004\004\004\004\004\004\004\004\004\004\004\004\004\004\004\004\004\004\004\004\004\004\004\004\004\004\004\004\004\004\004\004\004\004\004\004\004\004\004\004\004\004\004\004\004\004\004\004\004\004\004\004\004\004\004\004\004\004\004\004\004\004\004\004\004\004\004\004\004\004\004\004\004\004\004\004\004\004\004\004\004\004\004\004\004\004\004\004\004\004\004\004\004\004\004\004\004\004\004\004\004\004\004\004\004\004\004\004\004\004\004\004\004\004\004\004\004\004\004\004\004\004\004\004\004\004\004\004\004\004\004\004\004\004\004\004\004\004\004\004\004\004\004\004\004\004\004\004\004\004\004\004\004\004\004\004\004\004\004\004\004\004\004\004\004\004\004\004\004\004\004"
[DEBUG] Got Data: "\004\004\004\004\004\004\004\004\004\004\004\004\004\004\004\004\004\004\004\004\004\004\004\004\004\004\004\004"
[DEBUG] Got Data: "\004\004\004\004\004\004\004\004\004\004\004"
[DEBUG] Got Data: "\004\004"
[DEBUG] Got Data: "\004\004\004\004\004"
[DEBUG] Got Data: "\004\004\004\004\004"
[DEBUG] Got Data: "\004\004\004\004\004\004\004\004\004\004\004\004\004\004\004\004\004\004\004\004\004\004\004\004\004\004\004\004\004\004\004\004\004\004\004\004\004\004\004\004\004\004\004\004\004\004\004\004\004\004\004\004\004\004\004\004\004\004\004\004\004\004\004\004\004\004\004\004\004\004\004\004\004\004\004\004\004\004\004\004\004\004\004\004\004\004\004\004\004\004\004\004\004\004\004\004\004\004\004\004\004\004\004\004\004\004\004\004\004\004\004\004\004\004\004\004\004\004\004\004\004\004\004\004\004\004\004\004\004\004\004\004\004\004\004\004\004\004\004\004\004\004\004\004\004\004\004\004\004\004\004\004\004\004\004\004\004\004\004\004\004\004\004\004\004\004\004\004\004\004\004\004\004\004\004\004\004\004\004\004\004\004\004\004\004\004\004\004\004\004\004\004\004\004\004\004\004\004\004\004\004\004\004\004\004\004\004\004\004\004\004\004\004\004\004\004\004\004\004\004\004\004\004\004\004\004\004\004\004\004\004\004\004\004\004\004\004\004\004\004\004\004\004\004\004\004\004\004\004\004\004\004\004\004\004\004\004\004\004\004\004\004\004\004\004\004\004\004\004\004\004\004\004\004\004\004\004\004\004\004\004\004\004\004\004\004\004\004\004\004\004\004\004\004\004\004\004\004\004\004\004\004\004\004\004\004\004\004\004\004\004\004\004\004\004\004\004\004\004\004\004\004\004\004\004\004\004\004\004\004\004\004\004"
[DEBUG] Got Data: "\004"
[DEBUG] Got Data: "\004\004\004\004\004\004\004\004\004\004\004\004\004\004\004\004\004\004\004\004\004\004\004\004\004\004\004\004\004\004\004\004\004\004\004\004\004\004\004\004\004\004\004\004\004\004\004\004\004\004\004\004\004\004\004\004\004\004\004\004\004\004\004\004\004\004\004\004\004\004\004\004\004\004\004\004\004\004\004\004\004\004\004\004\004\004\004\004\004\004\004\004\004\004\004\004\004\004\004\004\004\004\004\004\004\004\004\004\004\004\004\004\004\004\004\004\004\004\004\004\004\004\004\004\004\004\004\004\004\004\004\004\004\004\004\004\004\004\004\004\004\004\004\004\004\004\004\004\004\004\004\004\004\004\004\004\004\004\004\004\004\004\004\004\004\004\004\004\004\004\004\004\004\004"
[DEBUG] Got Data: "\004\004\004\004\004\004\004\004\004\004\004\004\004\004\004\004\004\004"
[DEBUG] Got Data: "\004\004\004\004\004\004\004\004\004\004\004\004\004\004\004\004\004\004\004\004\004\004\004\004\004\004\004\004\004\004\004\004\004\004\004\004\004\004\004\004\004\004\004\004\004\004\004\004\004\004\004\004\004\004\004\004\004\004\004\004\004\004\004\004\004\004\004\004\004\004\004\004\004\004\004\004\004\004\004\004\004\004\004\004\004\004\004\004\004\004\004\004\004\004\004\004\004\004\004\004\004\004\004"
[DEBUG] Got Data: "\004\004\004\004\004\004\004\004\004\004\004\004"
[DEBUG] Got Data: "\004\004"
[DEBUG] Got Data: "\004"
[DEBUG] Got Data: "\004\004\004\004\004"
[DEBUG] Got Data: "\004\004\004\004"
[DEBUG] Got Data: "\004\004\004"
[DEBUG] Got Data: "\004\004\004\004"
[DEBUG] Got Data: "\004\004\004\004"
[DEBUG] Got Data: "\004"
[DEBUG] Got Data: "\004\004\004\004\004\004\004\004\004\004\004\004\004\004\004\004\004\004\004\004\004\004\004\004\004\004\004\004\004\004\004\004\004\004\004\004\004\004\004\004\004\004\004\004\004\004\004\004\004\004\004\004\004\004\004\004\004\004\004\004\004\004\004\004\004\004\004\004\004\004\004\004\004\004\004\004\004\004\004\004\004\004\004\004\004\004\004\004\004\004\004\004\004\004\004\004\004\004\004\004\004\004\004\004\004\004\004\004\004\004\004\004\004\004\004\004\004\004\004\004\004\004\004\004\004\004\004\004\004\004\004\004\004\004\004\004\004\004\004\004\004\004\004\004\004\004\004\004\004\004\004\004\004\004\004\004\004\004\004\004\004\004\004\004\004\004\004\004\004\004\004\004\004\004\004\004\004\004\004\004\004\004\004\004\004\004\004\004\004\004\004\004\004\004\004\004\004\004\004\004\004\004\004\004\004\004\004\004\004\004\004\004\004\004\004\004\004\004\004\004\004\004\004\004\004\004\004\004\004\004\004\004\004\004\004\004\004\004\004\004\004\004\004\004\004\004\004\004\004\004\004\004\004\004\004\004\004\004\004\004\004\004\004\004\004\004\004\004\004\004\004\004\004\004\004\004\004\004\004\004\004\004\004\004\004\004\004\004\004\004\004\004\004\004\004\004\004\004\004\004\004\004\004\004\004\004\004\004\004\004\004\004\004\004\004\004\004\004\004\004\004\004\004"
[DEBUG] Got Data: "\004\004\004\004\004\004\004\004\004\004\004\004\004\004\004\004\004\004\004\004\004\004\004\004\004\004\004\004\004\004\004\004\004\004\004\004\004\004\004\004\004\004\004\004\004\004\004\004\004\004\004\004\004\004\004\004\004\004\004\004\004\004\004\004\004\004\004\004\004\004\004\004\004\004\004\004\004\004\004\004"
[DEBUG] Got Data: "\004\004\004\004\004\004\004\004\004"
[DEBUG] Got Data: "\004\004\004\004\004"
[DEBUG] Got Data: "\004\004\004\004\004"
[DEBUG] Got Data: "\004\004\004\004\004\004\004\004\004\004\004\004\004\004\004\004\004\004\004\004\004\004\004\004\004\004\004\004\004\004\004\004\004\004\004\004\004\004\004\004\004\004\004\004\004\004\004\004\004\004\004\004\004\004\004\004\004\004\004\004\004\004\004\004\004\004\004\004\004\004\004\004\004\004\004\004\004\004\004\004\004\004\004\004\004\004\004\004\004\004\004\004\004\004\004\004\004\004\004\004\004\004\004\004\004\004\004\004\004\004\004\004\004\004\004\004\004\004\004\004\004\004\004\004\004\004\004\004\004\004\004\004\004\004\004\004\004\004\004\004\004\004\004\004\004\004\004\004\004\004\004\004\004\004\004\004\004\004\004\004\004\004\004\004\004\004\004\004\004\004\004\004\004\004\004\004\004\004\004\004\004\004\004\004\004\004\004\004\004\004\004\004\004\004\004\004\004\004\004\004\004\004\004\004\004\004\004\004\004\004\004\004\004\004\004\004\004\004\004\004\004\004\004\004\004\004\004\004\004\004\004\004\004\004\004\004\004\004\004\004\004\004\004\004\004\004\004\004\004\004\004\004\004\004\004\004\004\004\004\004\004\004\004\004\004\004\004\004\004\004\004\004\004\004\004\004\004\004\004\004\004\004\004\004\004\004\004\004\004\004\004\004\004\004\004\004\004\004\004\004\004\004\004\004\004\004\004\004\004\004\004\004\004\004\004\004\004\004\004\004\004\004\004\004\004\004\004\004\004\004\004\004\004\004\004\004\004\004\004\004\004\004\004\004\004\004\004\004\004\004\004\004\004\004\004\004\004\004\004\004\004\004\004\004\004\004\004\004\004\004\004\004\004\004\004\004\004\004\004\004\004\004\004\004\004\004\004\004\004\004\004\004\004\004\004\004\004\004\004\004\004\004\004\004\004\004\004\004\004\004\004\004\004\004\004\004\004\004\004\004\004\004\004\004\004\004\004\004\004\004\004\004\004\004\004\004\004\004\004\004\004\004\004\004\004\004\004\004\004\004\004\004\004\004\004\004\004\004\004\004\004\004\004\004\004\004\004\004\004\004\004\004\004\004\004\004\004\004\004\004\004\004\004\004\004\004\004\004\004\004\004\004\004\004\004\004\004\004\004\004\004\004\004\004\004\004\004\004\004\004\004\004\004\004\004\004\004\004\004\004\004\004\004\004\004\004\004\004\004\004\004\004\004\004\004\004"
[DEBUG] Got Data: "\004\004\004\004\004\004\004\004\004\004\004\004\004\004\004\004\004\004\004\004\004\004\004\004\004\004\004\004\004\004\004\004\004\004\004\004\004\004\004\004\004\004\004\004\004\004\004\004\004\004\004\004\004\004\004\004\004\004\004\004\004\004\004\004\004\004\004\004\004\004\004\004\004\004\004\004\004\004\004\004\004\004\004\004\004\004\004\004\004\004\004\004\004\004\004\004\004\004\004\004\004\004\004\004\004\004\004\004\004\004\004\004\004\004\004\004\004\004\004\004\004\004\004\004\004\004\004\004\004\004\004\004\004\004\004\004\004\004\004\004\004\004\004\004\004\004\004\004\004\004\004\004\004\004\004\004\004\004\004\004\004\004\004\004\004\004\004\004\004\004\004\004\004\004\004\004\004\004\004\004\004\004\004\004\004\004\004\004\004\004\004\004\004\004\004\004\004\004\004\004\004\004\004\004\004\004\004\004\004\004\004\004\004\004\004\004\004\004\004\004\004\004\004\004\004\004\004\004\004\004\004\004\004\004\004\004\004\004\004\004\004\004\004\004\004\004\004\004\004\004\004\004\004\004\004\004\004\004\004\004\004\004\004\004\004\004\004\004\004\004\004\004\004\004\004\004\004\004\004\004\004\004\004\004\004\004\004\004\004\004\004\004\004\004\004\004\004\004\004\004\004\004\004\004\004\004\004\004\004\004\004\004\004\004\004\004\004\004\004\004\004\004\004\004\004\004\004\004\004\004\004\004\004\004\004\004\004\004\004\004\004\004\004\004\004\004\004\004\004\004\004\004\004\004\004\004\004\004\004\004\004\004\004\004\004\004\004\004\004\004\004\004\004\004\004\004\004\004\004\004\004\004\004\004\004\004\004\004\004\004\004\004\004\004\004\004\004\004\004\004\004\004\004\004\004\004\004\004\004\004\004\004\004\004\004\004\004\004\004\004\004\004\004\004\004\004\004\004\004\004\004\004\004\004\004\004\004\004\004\004\004\004\004\004\004\004\004\004\004\004\004\004\004\004\004\004\004\004\004\004\004\004\004\004\004\004\004\004\004\004\004\004\004\004\004\004\004\004\004\004\004\004\004\004\004\004\004\004\004\004\004\004\004\004\004\004\004\004\004\004\004\004\004\004\004\004\004\004\004\004\004\004\004\004\004\004\004\004\004\004\004\004\004\004\004\004\004\004\004\004\004\004\004\004\004\004\004\004\004\004\004\004\004\004\004\004\004\004\004\004\004\004\004\004\004\004\004\004\004\004\004\004\004\004\004\004\004\004\004\004\004\004\004\004\004\004\004\004\004\004\004\004\004\004\004\004\004\004\004\004\004\004\004\004\004\004"
[DEBUG] Got Data: "\004\004\004\004\004\004\004\004\004\004\004\004\004\004\004\004\004\004\004\004\004\004\004\004\004\004\004\004\004\004\004\004\004\004\004\004\004\004\004\004\004\004\004\004\004\004\004\004\004\004\004\004\004\004\004\004\004\004\004\004\004\004\004\004\004\004\004\004\004\004\004\004\004\004\004\004\004\004\004\004\004\004\004\004\004\004\004"
[DEBUG] Got Data: "\004\004\004\004\004\004\004\004\004\004\004\004\004\004\004\004\004\004\004\004\004\004\004\004\004\004\004\004\004\004\004\004\004\004\004\004\004\004\004\004\004\004\004\004\004\004\004\004\004\004\004\004\004\004\004\004\004\004\004\004\004\004\004\004\004\004\004\004\004\004\004\004\004\004"
[DEBUG] Got Data: "\004\004\004\004\004\004\004\004\004\004\004\004\004\004\004\004\004\004\004\004\004\004\004\004\004\004\004\004\004\004\004\004\004\004\004\004\004\004\004\004\004\004\004\004\004\004\004\004\004\004\004\004\004\004\004\004\004\004\004\004\004\004\004\004\004\004\004\004\004\004\004\004\004\004\004\004\004\004\004\004\004\004\004\004\004\004\004\004\004\004"
[DEBUG] Got Data: "\004\004\004\004\004\004\004\004\004\004\004\004\004\004\004\004\004\004\004\004\004\004\004\004\004\004\004\004\004\004\004\004\004\004\004\004\004\004\004\004\004\004\004\004"
[DEBUG] Got Data: "\004\004\004\004\004\004\004\004\004\004\004\004\004\004\004\004\004\004\004\004\004\004\004\004\004\004\004\004\004\004\004\004\004\004\004\004\004\004\004\004\004\004\004\004\004\004\004\004\004\004\004\004\004\004\004\004\004\004\004\004\004\004\004\004\004\004\004\004\004\004\004\004\004\004\004\004\004\004\004\004\004\004\004\004\004\004\004\004\004\004\004\004\004\004\004\004\004\004\004\004\004\004\004\004\004\004\004\004\004\004\004\004\004\004\004\004\004\004\004\004\004\004\004\004"
[DEBUG] Got Data: "\004"
[DEBUG] Got Data: "\004\004\004\004\004\004\004\004\004\004\004\004\004\004\004\004\004\004\004\004\004\004\004\004\004\004\004\004\004\004\004\004\004\004\004\004\004\004\004\004\004"
[DEBUG] Got Data: "\004"
[DEBUG] Got Data: "\004\004\004\004\004\004\004\004\004\004\004\004\004\004\004\004\004\004\004\004\004\004\004\004\004\004\004\004\004\004\004\004\004\004\004\004\004\004\004\004\004\004\004\004\004\004\004\004\004\004\004\004\004\004\004\004\004\004\004\004\004\004\004\004\004\004\004\004\004\004"
[DEBUG] Got Data: "\004\004\004\004\004\004\004\004\004\004\004\004\004\004\004\004\004\004\004\004\004\004\004\004\004\004\004\004\004\004\004\004\004\004\004\004\004\004\004\004\004\004\004\004\004\004\004\004\004\004\004\004\004\004\004\004\004\004"
[DEBUG] Got Data: "\004\004\004\004\004\004\004\004\004"
[DEBUG] Got Data: "\004\004\004\004"
[DEBUG] Got Data: "\004\004\004\004"
[DEBUG] Got Data: "\004\004\004\004"
[DEBUG] Got Data: "\004\004\004\004\004"
[DEBUG] Got Data: "\004\004\004\004"
[DEBUG] Got Data: "\004\004\004\004"
[DEBUG] Got Data: "\004\004\004\004"
[DEBUG] Got Data: "\004\004\004\004"
[DEBUG] Got Data: "\004\004\004\004"
[DEBUG] Got Data: "\004\004\004\004"
[DEBUG] Got Data: "\004\004\004\004"
[DEBUG] Got Data: "\004\004\004\004"
[DEBUG] Got Data: "\004\004\004\004"
[DEBUG] Got Data: "\004\004\004\004"
[DEBUG] Got Data: "\004\004\004\004\004\004"
[DEBUG] Got Data: "\004\004\004\004\004\004\004\004\004\004\004\004\004\004\004\004\004\004\004\004\004\004\004\004\004\004\004\004\004\004\004"
[DEBUG] Got Data: "\004\004\004"
[DEBUG] Got Data: "\004\004\004\004\004\004\004\004\004\004\004\004\004\004\004\004\004\004\004\004\004\004\004\004\004\004\004\004\004\004\004\004\004\004\004\004\004\004\004\004\004\004\004\004\004\004\004\004\004\004\004\004\004\004\004\004\004\004\004\004\004\004\004\004\004\004\004\004\004\004\004\004\004\004\004\004\004\004\004\004\004\004\004\004\004\004\004\004\004\004\004\004\004\004\004\004\004\004\004\004\004\004\004\004\004\004\004\004\004\004\004\004\004\004\004\004\004\004\004\004\004\004\004\004\004\004"
[DEBUG] Got Data: "\004\004\004\004\004\004\004\004\004\004\004\004\004\004\004\004\004\004\004\004\004\004\004\004\004\004\004\004\004\004\004\004\004\004\004\004\004\004\004\004\004\004\004\004\004\004\004\004\004\004\004\004\004\004\004\004\004\004\004\004\004\004\004\004\004\004\004\004\004\004\004\004\004\004\004\004\004\004\004\004\004\004\004\004\004\004\004\004\004\004\004\004\004\004\004\004\004\004\004\004\004\004\004\004\004\004\004\004\004\004\004\004\004\004\004\004\004\004\004\004\004\004\004\004\004\004\004\004\004\004\004\004\004\004\004\004\004\004\004\004\004\004\004\004\004\004\004\004\004\004\004\004\004\004\004\004\004\004\004\004\004\004\004\004\004\004\004\004\004\004\004"
[DEBUG] Got Data: "\004"
[DEBUG] Got Data: "\004\004\004\004\004\004\004\004\004\004\004\004\004\004\004\004\004\004\004\004\004\004\004\004\004\004\004\004\004\004\004\004\004\004\004\004\004\004\004\004\004\004\004\004\004\004\004\004\004\004\004\004\004\004\004\004\004\004\004\004\004\004\004\004\004\004\004\004\004\004\004\004\004\004\004\004\004\004\004\004\004\004\004\004\004\004\004\004\004\004\004\004\004\004\004\004\004\004\004\004\004\004\004\004\004\004\004\004\004\004\004\004\004\004\004\004\004\004\004\004\004\004\004\004\004\004\004\004\004\004\004\004\004\004\004\004\004\004\004\004\004\004\004\004\004\004\004\004\004\004\004\004\004\004\004\004\004\004\004\004\004\004\004\004\004\004\004\004\004\004\004\004\004\004\004\004\004\004\004\004\004\004\004\004\004\004\004\004\004\004\004\004\004\004\004\004\004\004\004\004\004\004\004\004\004\004\004\004\004\004\004\004\004\004\004\004\004\004\004\004\004\004\004\004\004\004\004\004\004\004\004\004\004\004\004\004\004\004\004\004\004\004\004\004\004\004\004\004\004\004\004\004\004\004\004\004\004\004\004\004\004\004\004\004\004"
[DEBUG] Got Data: "\004\004\004\004\004\004\004\004\004\004\004\004\004\004\004\004\004\004\004\004\004\004\004\004\004\004\004\004\004\004\004\004\004\004\004\004\004\004\004\004\004\004\004\004\004\004\004\004\004\004\004\004\004\004\004\004\004\004\004\004\004\004\004\004\004\004\004\004\004\004\004\004\004\004\004\004\004\004\004\004\004\004\004\004\004\004\004\004\004\004\004\004\004\004\004\004\004\004\004\004\004\004\004\004\004\004\004\004\004\004\004\004\004\004\004\004\004\004\004\004\004\004\004\004\004\004\004\004\004\004\004\004\004\004\004\004\004\004\004\004\004\004\004\004\004\004\004\004\004\004\004\004\004\004\004\004\004\004\004\004\004\004\004\004\004\004\004\004\004\004\004\004\004\004\004\004\004\004\004\004\004\004\004\004\004\004\004\004\004\004\004\004\004\004\004\004\004\004\004\004\004\004\004"
[DEBUG] Got Data: "\004\004\004\004\004\004\004\004\004\004\004\004\004\004\004\004"
[DEBUG] Got Data: "\004\004\004\004\004\004\004\004"
[DEBUG] Got Data: "\004\004"
[DEBUG] Got Data: "\004\004\004"
[DEBUG] Got Data: "\004\004\004\004"
[DEBUG] Got Data: "\004"
[DEBUG] Got Data: "\004\004\004\004"
[DEBUG] Got Data: "\004\004\004\004\004\004"
[DEBUG] Got Data: "\004\004\004\004\004\004\004\004\004\004\004\004\004\004\004\004\004\004\004\004\004\004\004\004\004\004\004\004\004\004\004\004\004\004\004\004\004\004\004\004\004\004\004\004\004\004\004\004\004\004\004\004\004\004\004\004\004\004\004\004\004\004\004\004\004\004\004\004\004\004\004\004\004\004\004\004\004\004\004\004\004\004\004\004\004\004\004\004\004\004\004\004\004\004\004\004\004\004\004\004\004\004\004\004\004\004\004\004\004\004\004\004\004\004\004\004\004\004\004\004\004\004\004\004\004\004\004\004\004\004\004\004\004\004\004\004\004\004\004\004\004\004\004\004\004\004\004\004\004\004\004\004\004\004\004\004\004\004\004\004\004\004\004\004\004\004\004\004\004\004\004\004\004\004\004\004\004\004\004\004\004\004\004\004\004\004\004\004\004\004\004"
[DEBUG] Got Data: "\004"
[DEBUG] Got Data: "\004"
[DEBUG] Got Data: "\004"
[DEBUG] Got Data: "\004\004\004\004\004\004\004\004\004\004\004\004\004\004\004\004\004\004\004\004\004\004\004"
[DEBUG] Got Data: "\004\004\004\004\004\004\004"
[DEBUG] Got Data: "\004\004\004"
[DEBUG] Got Data: "\004\004\004\004\004\004"
[DEBUG] Got Data: "\004\004\004\004\004"
[DEBUG] Got Data: "\004\004\004"
[DEBUG] Got Data: "\004\004\004\004"
[DEBUG] Got Data: "\004\004\004\004\004"
[DEBUG] Got Data: "\004\004\004\004\004\004\004\004\004\004\004\004\004\004\004\004\004\004\004\004\004\004\004\004\004\004\004\004\004\004\004\004\004\004\004\004\004\004\004\004\004\004\004\004\004\004\004\004\004\004\004\004\004\004\004\004\004\004\004\004\004\004\004\004\004\004\004\004\004\004\004\004\004\004\004\004\004\004\004\004\004\004\004\004\004\004\004\004\004\004\004\004\004\004"
[DEBUG] Got Data: "\004\004\004\004\004\004\004\004\004\004\004\004\004\004\004\004\004\004\004\004\004\004\004\004\004\004\004\004\004\004\004\004\004\004\004\004\004\004\004\004\004\004\004\004\004\004\004\004\004\004\004\004\004\004\004\004\004\004\004\004\004\004\004\004\004\004\004\004\004\004\004\004\004\004\004\004\004\004\004\004\004\004\004\004\004\004\004\004\004\004\004\004\004\004\004\004\004\004\004\004\004\004\004\004\004\004\004\004\004\004\004\004\004\004\004\004\004\004\004\004\004\004\004\004\004\004\004\004\004\004\004\004\004\004\004\004\004\004\004\004\004\004\004\004\004\004\004\004\004\004\004\004\004\004\004\004\004\004\004\004\004\004\004\004\004\004\004\004\004\004\004\004\004\004\004\004\004\004\004\004\004\004\004\004\004\004\004\004\004\004\004\004\004\004\004\004\004\004\004\004\004\004\004\004\004\004\004\004\004\004\004\004\004\004\004\004\004\004\004\004\004\004\004\004\004\004\004\004\004\004\004\004\004\004\004\004\004\004\004\004\004\004\004\004\004\004\004\004\004\004\004\004\004\004\004\004\004\004\004\004\004\004\004\004\004\004\004\004\004\004\004\004\004\004\004\004\004\004\004\004\004\004\004\004\004\004\004\004\004\004\004\004\004\004\004\004\004\004\004\004\004\004\004\004\004\004\004\004\004\004\004\004\004\004\004\004\004\004\004\004\004\004\004\004\004\004\004\004\004\004\004\004\004\004\004\004\004\004\004\004\004\004\004\004\004\004\004\004\004\004\004\004\004\004\004\004\004\004\004\004\004\004\004\004\004\004\004\004\004\004\004\004\004\004\004\004\004\004\004\004\004\004\004\004\004\004\004\004\004\004\004\004\004\004\004\004\004\004\004\004\004\004\004\004\004\004\004\004\004\004\004\004\004\004\004\004\004\004\004\004\004\004\004\004\004\004\004\004\004\004\004\004\004\004\004\004\004\004\004\004\004\004\004\004\004\004\004\004\004\004\004\004\004\004\004\004\004\004\004\004\004\004\004\004\004\004\004\004\004\004\004\004\004\004\004\004\004\004\004\004\004\004\004\004\004\004\004\004\004\004\004\004\004\004\004\004\004\004\004\004\004\004\004\004\004\004\004\004\004\004\004\004\004\004\004\004\004\004\004\004\004\004\004\004\004\004\004\004\004\004\004\004\004\004\004\004\004\004\004\004\004\004\004\004\004\004\004\004\004\004\004\004\004\004\004\004\004\004\004\004\004\004\004\004\004\004\004\004\004\004\004\004\004\004\004\004\004\004\004\004\004\004\004\004\004\004\004\004\004\004\004\004\004\004\004\004\004\004\004\004\004\004\004\004\004\004\004\004\004\004\004\004\004\004\004\004\004\004\004\004\004\004\004\004\004\004\004\004\004\004"
 [INFO] Lost connection
 [INFO] Stopping SNP Server
 [INFO] Starting SNP Server
 [INFO] Serving SNP clients on 0.0.0.0:42340
 [INFO] Connection initiaed.
 [INFO] Created user with signature hash -7c7efbf6
[DEBUG] Receiving Message: ""
[DEBUG] Receiving Message: "sdsd"
 [WARN] Error parsing incoming message
[DEBUG] Receiving Message: "sdsd"
 [WARN] Error parsing incoming message
[DEBUG] Receiving Message: "sdsd"
 [WARN] Error parsing incoming message
[DEBUG] Receiving Message: "{\"a\":1}"
 [INFO] Stopping SNP Server
 [INFO] Lost connection
 [INFO] Starting SNP Server
 [INFO] Serving SNP clients on 0.0.0.0:42340
 [INFO] Connection initiaed.
 [INFO] Created user with signature hash -7fe225a3
[DEBUG] Receiving Message: "sd"
 [WARN] Error parsing incoming message
[DEBUG] Receiving Message: "sdsd"
 [WARN] Error parsing incoming message
[DEBUG] Receiving Message: "\"\""
[DEBUG] Received: ""
[DEBUG] Receiving Message: "{\"a\":1\"\b}"
 [WARN] Error parsing incoming message
[DEBUG] Receiving Message: "{\"A\":1}"
[DEBUG] Received: {"A"=>1}
 [INFO] Stopping SNP Server
 [INFO] Lost connection
 [INFO] Starting SNP Server
 [INFO] Serving SNP clients on 0.0.0.0:42340
 [INFO] Connection initiaed.
 [INFO] Created user with signature hash 43fab06a
 [WARN] Error parsing incoming message
 [WARN] Error parsing incoming message
 [WARN] Error parsing incoming message
 [INFO] Lost connection
 [INFO] Connection initiaed.
 [INFO] Created user with signature hash -2ed66bcb
[DEBUG] Subscribing 2160422280 to channel awesome
[DEBUG] Subscribing 2160422280 to channel awesome
[DEBUG] Subscribing 2160422280 to channel ninjas
 [INFO] Stopping SNP Server
 [INFO] Lost connection
 [INFO] Starting SNP Server
 [INFO] Serving SNP clients on 0.0.0.0:42340
[DEBUG] Pinging all users
 [INFO] Connection initiaed.
 [INFO] Created user with signature hash -709da996
[DEBUG] Pinging all users
[DEBUG] Pinging all users
[DEBUG] Pinging all users
 [INFO] Stopping SNP Server
 [INFO] Lost connection
 [INFO] Starting SNP Server
 [INFO] Serving SNP clients on 0.0.0.0:42340
[DEBUG] Connection initiated.
[DEBUG] Created user with signature hash -9e67236
[DEBUG] Pinging all users
 [INFO] PING (0 before)
[DEBUG] Pinging all users
 [INFO] PING (1 before)
[DEBUG] PONG (2 before)
[DEBUG] Pinging all users
 [INFO] PING (0 before)
 [INFO] Stopping SNP Server
[DEBUG] Lost connection
